<?xml version="1.0" encoding="UTF-8"?>
<testsuite xmlns:xsi="http://www.w3.org/2001/XMLSchema-instance" xsi:noNamespaceSchemaLocation="https://maven.apache.org/surefire/maven-surefire-plugin/xsd/surefire-test-report.xsd" name="com.testing.mockito.OrderProcessorTest" time="1.08" tests="2" errors="0" skipped="0" failures="0">
  <properties>
[...]
</properties>
  <testcase name="testProcessOrderWithUnavailableBooks" classname="com.testing.mockito.OrderProcessorTest" time="1.037"/>
  <testcase name="testProcessOrderWithAvailableBooks" classname="com.testing.mockito.OrderProcessorTest" time="0.007"/>
</testsuite>